GROUP,PACKAGE,CLASS,INSTRUCTION_MISSED,INSTRUCTION_COVERED,BRANCH_MISSED,BRANCH_COVERED,LINE_MISSED,LINE_COVERED,COMPLEXITY_MISSED,COMPLEXITY_COVERED,METHOD_MISSED,METHOD_COVERED
StoreService,default,StoreServiceApplication,0,8,0,0,0,3,0,2,0,2
StoreService,com.durvisha.exception,StoreFailureException,0,4,0,0,0,2,0,1,0,1
StoreService,com.durvisha.service.impl,StoreServiceImpl,0,28,0,0,0,3,0,3,0,3
StoreService,com.durvisha.controller,StoreController,0,14,0,0,0,4,0,3,0,3
StoreService,com.durvisha.exception.handler,StoreFailureExceptionHandler,0,49,0,0,0,5,0,3,0,3
